<?xml version="1.0" encoding="UTF-8"?>
<testsuite name="scholesa-enterprise-regression" tests="6" failures="0" timestamp="2026-02-23T05:50:40.199Z">
  <testcase classname="scholesa.audit" name="rc2_regression">
  </testcase>
  <testcase classname="scholesa.audit" name="vibe_all">
  </testcase>
  <testcase classname="scholesa.audit" name="vibe_voice_live">
  </testcase>
  <testcase classname="scholesa.audit" name="telemetry_live_coverage">
  </testcase>
  <testcase classname="scholesa.audit" name="ai_guardrails_i18n">
  </testcase>
  <testcase classname="scholesa.audit" name="voice_tenant_isolation">
  </testcase>
</testsuite>
